This is pdfTeX, Version 3.14159265-2.6-1.40.16 (TeX Live 2015/Debian) (preloaded format=pdflatex 2017.8.26)  17 JAN 2018 22:35
entering extended mode
 restricted \write18 enabled.
 %&-line parsing enabled.
**/home/gabriel/Desktop/UnB/10-semestre/TG1/monografia/template_novo/Monografia
-master/tex/3_TCC

(/home/gabriel/Desktop/UnB/10-semestre/TG1/monografia/template_novo/Monografia-
master/tex/3_TCC.tex
LaTeX2e <2016/02/01>
Babel <3.9q> and hyphenation patterns for 81 language(s) loaded.

! LaTeX Error: Missing \begin{document}.

See the LaTeX manual or LaTeX Companion for explanation.
Type  H <return>  for immediate help.
 ...                                              
                                                  
l.1 E
     ste capítulo oferece sugestões para produção de um documento descre...
 
Here is how much of TeX's memory you used:
 7 strings out of 493029
 524 string characters out of 6136234
 53073 words of memory out of 5000000
 3641 multiletter control sequences out of 15000+600000
 3640 words of font info for 14 fonts, out of 8000000 for 9000
 1141 hyphenation exceptions out of 8191
 5i,0n,4p,212b,14s stack positions out of 5000i,500n,10000p,200000b,80000s
!  ==> Fatal error occurred, no output PDF file produced!
