\BOOKMARK [0][-]{dedication.0}{Dedicat\363ria}{}% 1
\BOOKMARK [0][-]{acknowledgements.0}{Agradecimentos}{}% 2
\BOOKMARK [0][-]{resumo.0}{Resumo}{}% 3
\BOOKMARK [0][-]{abstract.0}{Abstract}{}% 4
\BOOKMARK [0][-]{chapter.1}{Introdu\347\343o}{}% 5
\BOOKMARK [1][-]{section.1.1}{Objetivos}{chapter.1}% 6
\BOOKMARK [1][-]{section.1.2}{Metodologia}{chapter.1}% 7
\BOOKMARK [1][-]{section.1.3}{Estrutura do Trabalho}{chapter.1}% 8
\BOOKMARK [0][-]{chapter.2}{A Classe UnB-CIC}{}% 9
\BOOKMARK [1][-]{section.2.1}{Gerando o PDF}{chapter.2}% 10
\BOOKMARK [1][-]{section.2.2}{Op\347\365es}{chapter.2}% 11
\BOOKMARK [1][-]{section.2.3}{Informa\347\365es do Trabalho}{chapter.2}% 12
\BOOKMARK [1][-]{section.2.4}{Arquivos}{chapter.2}% 13
\BOOKMARK [1][-]{section.2.5}{Documento}{chapter.2}% 14
\BOOKMARK [2][-]{subsection.2.5.1}{Cap\355tulos}{section.2.5}% 15
\BOOKMARK [2][-]{subsection.2.5.2}{Figuras}{section.2.5}% 16
\BOOKMARK [2][-]{subsection.2.5.3}{Equa\347\365es}{section.2.5}% 17
\BOOKMARK [2][-]{subsection.2.5.4}{Tabelas}{section.2.5}% 18
\BOOKMARK [2][-]{subsection.2.5.5}{Abreviaturas e Siglas}{section.2.5}% 19
\BOOKMARK [0][-]{chapter.3}{Trabalho de Conclus\343o de Curso}{}% 20
\BOOKMARK [1][-]{section.3.1}{UnB}{chapter.3}% 21
\BOOKMARK [2][-]{subsection.3.1.1}{Os tipos}{section.3.1}% 22
\BOOKMARK [2][-]{subsection.3.1.2}{Teoria e pr\341tica}{section.3.1}% 23
\BOOKMARK [2][-]{subsection.3.1.3}{Come\347o do projeto}{section.3.1}% 24
\BOOKMARK [2][-]{subsection.3.1.4}{Estrutura e regras}{section.3.1}% 25
\BOOKMARK [2][-]{subsection.3.1.5}{O projeto est\341 pronto. E agora?}{section.3.1}% 26
\BOOKMARK [0][-]{chapter.4}{Apresenta\347\365es}{}% 27
\BOOKMARK [1][-]{section.4.1}{Falando em P\372blico}{chapter.4}% 28
\BOOKMARK [1][-]{section.4.2}{BEAMER}{chapter.4}% 29
\BOOKMARK [0][-]{section*.8}{Refer\352ncias}{}% 30
\BOOKMARK [0][-]{chapter*.9}{Ap\352ndice}{}% 31
\BOOKMARK [0][-]{appendix.A}{Fichamento de Artigo Cient\355fico}{}% 32
\BOOKMARK [0][-]{appendix.A}{Anexo}{}% 33
\BOOKMARK [0][-]{appendix.B}{Documenta\347\343o Original UnB-CIC \(parcial\)}{}% 34
